app/build/intermediates/manifest_merge_blame_file/debug/manifest-merger-blame-debug-report.txt
1<?xml version="1.0" encoding="utf-8"?>
2<manifest xmlns:android="http://schemas.android.com/apk/res/android"
3    package="com.abc.evpnfree"
4    android:versionCode="34"
5    android:versionName="4.2" >
6
7    <uses-sdk
8        android:minSdkVersion="19"
8-->src\main\AndroidManifest.xml
9        android:targetSdkVersion="31" />
9-->src\main\AndroidManifest.xml
10
11    <uses-permission android:name="android.permission.ACCESS_WIFI_STATE" />
11-->src\main\AndroidManifest.xml:6:5-76
11-->src\main\AndroidManifest.xml:6:22-73
12    <uses-permission android:name="android.permission.BLUETOOTH" />
12-->src\main\AndroidManifest.xml:7:5-68
12-->src\main\AndroidManifest.xml:7:22-65
13    <uses-permission android:name="android.permission.BLUETOOTH_ADMIN" />
13-->src\main\AndroidManifest.xml:8:5-74
13-->src\main\AndroidManifest.xml:8:22-71
14    <uses-permission android:name="android.permission.CHANGE_WIFI_STATE" />
14-->src\main\AndroidManifest.xml:9:5-76
14-->src\main\AndroidManifest.xml:9:22-73
15    <uses-permission android:name="android.permission.INTERNET" />
15-->src\main\AndroidManifest.xml:10:5-67
15-->src\main\AndroidManifest.xml:10:22-64
16    <uses-permission android:name="android.permission.ACCESS_NETWORK_STATE" />
16-->src\main\AndroidManifest.xml:11:5-79
16-->src\main\AndroidManifest.xml:11:22-76
17    <uses-permission android:name="android.permission.RECEIVE_BOOT_COMPLETED" />
17-->src\main\AndroidManifest.xml:12:5-81
17-->src\main\AndroidManifest.xml:12:22-78
18    <uses-permission android:name="android.permission.ACCESS_NOTIFICATION_POLICY" />
18-->src\main\AndroidManifest.xml:13:5-85
18-->src\main\AndroidManifest.xml:13:22-82
19    <uses-permission android:name="android.permission.FOREGROUND_SERVICE" />
19-->src\main\AndroidManifest.xml:14:5-77
19-->src\main\AndroidManifest.xml:14:22-74
20    <uses-permission android:name="android.permission.WAKE_LOCK" />
20-->src\main\AndroidManifest.xml:15:5-68
20-->src\main\AndroidManifest.xml:15:22-65
21    <uses-permission android:name="android.permission.WRITE_SYNC_SETTINGS" />
21-->src\main\AndroidManifest.xml:16:5-78
21-->src\main\AndroidManifest.xml:16:22-75
22    <uses-permission android:name="android.permission.KILL_BACKGROUND_PROCESSES" />
22-->src\main\AndroidManifest.xml:17:5-84
22-->src\main\AndroidManifest.xml:17:22-81
23    <uses-permission android:name="android.permission.WRITE_SETTINGS" />
23-->src\main\AndroidManifest.xml:18:5-20:47
23-->src\main\AndroidManifest.xml:19:9-57
24    <uses-permission android:name="com.android.alarm.permission.SET_ALARM" />
24-->src\main\AndroidManifest.xml:22:5-78
24-->src\main\AndroidManifest.xml:22:22-75
25
26    <!-- Create a unique permission for your app and use it so only your app can receive your OneSignal messages. -->
27    <permission
27-->[com.onesignal:OneSignal:4.8.2] AndroidManifest.xml:7:5-9:47
28        android:name="com.abc.evpnfree.permission.C2D_MESSAGE"
28-->[com.onesignal:OneSignal:4.8.2] AndroidManifest.xml:8:9-63
29        android:protectionLevel="signature" />
29-->[com.onesignal:OneSignal:4.8.2] AndroidManifest.xml:9:9-44
30
31    <uses-permission android:name="com.abc.evpnfree.permission.C2D_MESSAGE" /> <!-- OneSignal SDK has runtime checks Android version. -->
31-->[com.onesignal:OneSignal:4.8.2] AndroidManifest.xml:11:5-79
31-->[com.onesignal:OneSignal:4.8.2] AndroidManifest.xml:11:22-76
32    <!-- <uses-sdk tools:overrideLibrary="androidx.browser"/> -->
33    <!-- Required runtime permission to display notifications on Android 13 -->
34    <uses-permission android:name="android.permission.POST_NOTIFICATIONS" /> <!-- c2dm RECEIVE are basic requirements for push messages through Google's FCM -->
34-->[com.onesignal:OneSignal:4.8.2] AndroidManifest.xml:16:5-77
34-->[com.onesignal:OneSignal:4.8.2] AndroidManifest.xml:16:22-74
35    <uses-permission android:name="com.google.android.c2dm.permission.RECEIVE" />
35-->[com.onesignal:OneSignal:4.8.2] AndroidManifest.xml:18:5-82
35-->[com.onesignal:OneSignal:4.8.2] AndroidManifest.xml:18:22-79
36    <!--
37 Required so the device vibrates on receiving a push notification.
38         Vibration settings of the device still apply.
39    -->
40    <uses-permission android:name="android.permission.VIBRATE" /> <!-- START: ShortcutBadger -->
40-->[com.onesignal:OneSignal:4.8.2] AndroidManifest.xml:24:5-66
40-->[com.onesignal:OneSignal:4.8.2] AndroidManifest.xml:24:22-63
41    <!-- Samsung -->
42    <uses-permission android:name="com.sec.android.provider.badge.permission.READ" />
42-->[com.onesignal:OneSignal:4.8.2] AndroidManifest.xml:32:5-86
42-->[com.onesignal:OneSignal:4.8.2] AndroidManifest.xml:32:22-83
43    <uses-permission android:name="com.sec.android.provider.badge.permission.WRITE" /> <!-- HTC -->
43-->[com.onesignal:OneSignal:4.8.2] AndroidManifest.xml:33:5-87
43-->[com.onesignal:OneSignal:4.8.2] AndroidManifest.xml:33:22-84
44    <uses-permission android:name="com.htc.launcher.permission.READ_SETTINGS" />
44-->[com.onesignal:OneSignal:4.8.2] AndroidManifest.xml:34:5-81
44-->[com.onesignal:OneSignal:4.8.2] AndroidManifest.xml:34:22-78
45    <uses-permission android:name="com.htc.launcher.permission.UPDATE_SHORTCUT" /> <!-- Sony -->
45-->[com.onesignal:OneSignal:4.8.2] AndroidManifest.xml:35:5-83
45-->[com.onesignal:OneSignal:4.8.2] AndroidManifest.xml:35:22-80
46    <uses-permission android:name="com.sonyericsson.home.permission.BROADCAST_BADGE" />
46-->[com.onesignal:OneSignal:4.8.2] AndroidManifest.xml:36:5-88
46-->[com.onesignal:OneSignal:4.8.2] AndroidManifest.xml:36:22-85
47    <uses-permission android:name="com.sonymobile.home.permission.PROVIDER_INSERT_BADGE" /> <!-- Apex -->
47-->[com.onesignal:OneSignal:4.8.2] AndroidManifest.xml:37:5-92
47-->[com.onesignal:OneSignal:4.8.2] AndroidManifest.xml:37:22-89
48    <uses-permission android:name="com.anddoes.launcher.permission.UPDATE_COUNT" /> <!-- Solid -->
48-->[com.onesignal:OneSignal:4.8.2] AndroidManifest.xml:38:5-84
48-->[com.onesignal:OneSignal:4.8.2] AndroidManifest.xml:38:22-81
49    <uses-permission android:name="com.majeur.launcher.permission.UPDATE_BADGE" /> <!-- Huawei -->
49-->[com.onesignal:OneSignal:4.8.2] AndroidManifest.xml:39:5-83
49-->[com.onesignal:OneSignal:4.8.2] AndroidManifest.xml:39:22-80
50    <uses-permission android:name="com.huawei.android.launcher.permission.CHANGE_BADGE" />
50-->[com.onesignal:OneSignal:4.8.2] AndroidManifest.xml:40:5-91
50-->[com.onesignal:OneSignal:4.8.2] AndroidManifest.xml:40:22-88
51    <uses-permission android:name="com.huawei.android.launcher.permission.READ_SETTINGS" />
51-->[com.onesignal:OneSignal:4.8.2] AndroidManifest.xml:41:5-92
51-->[com.onesignal:OneSignal:4.8.2] AndroidManifest.xml:41:22-89
52    <uses-permission android:name="com.huawei.android.launcher.permission.WRITE_SETTINGS" /> <!-- ZUK -->
52-->[com.onesignal:OneSignal:4.8.2] AndroidManifest.xml:42:5-93
52-->[com.onesignal:OneSignal:4.8.2] AndroidManifest.xml:42:22-90
53    <uses-permission android:name="android.permission.READ_APP_BADGE" /> <!-- OPPO -->
53-->[com.onesignal:OneSignal:4.8.2] AndroidManifest.xml:43:5-73
53-->[com.onesignal:OneSignal:4.8.2] AndroidManifest.xml:43:22-70
54    <uses-permission android:name="com.oppo.launcher.permission.READ_SETTINGS" />
54-->[com.onesignal:OneSignal:4.8.2] AndroidManifest.xml:44:5-82
54-->[com.onesignal:OneSignal:4.8.2] AndroidManifest.xml:44:22-79
55    <uses-permission android:name="com.oppo.launcher.permission.WRITE_SETTINGS" /> <!-- EvMe -->
55-->[com.onesignal:OneSignal:4.8.2] AndroidManifest.xml:45:5-83
55-->[com.onesignal:OneSignal:4.8.2] AndroidManifest.xml:45:22-80
56    <uses-permission android:name="me.everything.badger.permission.BADGE_COUNT_READ" />
56-->[com.onesignal:OneSignal:4.8.2] AndroidManifest.xml:46:5-88
56-->[com.onesignal:OneSignal:4.8.2] AndroidManifest.xml:46:22-85
57    <uses-permission android:name="me.everything.badger.permission.BADGE_COUNT_WRITE" />
57-->[com.onesignal:OneSignal:4.8.2] AndroidManifest.xml:47:5-89
57-->[com.onesignal:OneSignal:4.8.2] AndroidManifest.xml:47:22-86
58    <uses-permission android:name="com.google.android.gms.permission.AD_ID" /> <!-- Android package visibility setting -->
58-->[com.google.android.gms:play-services-ads-lite:21.3.0] AndroidManifest.xml:25:5-79
58-->[com.google.android.gms:play-services-ads-lite:21.3.0] AndroidManifest.xml:25:22-76
59    <queries>
59-->[com.google.android.gms:play-services-ads-lite:21.3.0] AndroidManifest.xml:28:5-44:15
60
61        <!-- For browser content -->
62        <intent>
62-->[com.google.android.gms:play-services-ads-lite:21.3.0] AndroidManifest.xml:31:9-37:18
63            <action android:name="android.intent.action.VIEW" />
63-->[com.onesignal:OneSignal:4.8.2] AndroidManifest.xml:77:17-69
63-->[com.onesignal:OneSignal:4.8.2] AndroidManifest.xml:77:25-66
64
65            <category android:name="android.intent.category.BROWSABLE" />
65-->[com.google.android.gms:play-services-ads-lite:21.3.0] AndroidManifest.xml:34:13-74
65-->[com.google.android.gms:play-services-ads-lite:21.3.0] AndroidManifest.xml:34:23-71
66
67            <data android:scheme="https" />
67-->[com.google.android.gms:play-services-ads-lite:21.3.0] AndroidManifest.xml:36:13-44
67-->[com.google.android.gms:play-services-ads-lite:21.3.0] AndroidManifest.xml:36:19-41
68        </intent>
69        <!-- End of browser content -->
70        <!-- For CustomTabsService -->
71        <intent>
71-->[com.google.android.gms:play-services-ads-lite:21.3.0] AndroidManifest.xml:31:9-37:18
72            <action android:name="android.support.customtabs.action.CustomTabsService" />
73        </intent>
74        <!-- End of CustomTabsService -->
75    </queries>
76
77    <application
77-->src\main\AndroidManifest.xml:24:5-103:19
78        android:name="com.abc.evpnfree.AppController"
78-->src\main\AndroidManifest.xml:25:9-54
79        android:allowBackup="true"
79-->src\main\AndroidManifest.xml:26:9-35
80        android:appComponentFactory="androidx.core.app.CoreComponentFactory"
80-->[androidx.core:core:1.7.0] AndroidManifest.xml:24:18-86
81        android:debuggable="true"
82        android:hardwareAccelerated="true"
82-->src\main\AndroidManifest.xml:27:9-43
83        android:icon="@mipmap/ic_launcher"
83-->src\main\AndroidManifest.xml:28:9-43
84        android:label="@string/app_name"
84-->src\main\AndroidManifest.xml:29:9-41
85        android:largeHeap="true"
85-->src\main\AndroidManifest.xml:30:9-33
86        android:supportsRtl="true"
86-->src\main\AndroidManifest.xml:31:9-35
87        android:testOnly="true"
88        android:theme="@style/AppTheme" >
88-->src\main\AndroidManifest.xml:32:9-40
89        <activity
89-->src\main\AndroidManifest.xml:34:9-37:45
90            android:name="com.abc.evpnfree.activity.SplashActivity"
90-->src\main\AndroidManifest.xml:35:13-68
91            android:noHistory="true"
91-->src\main\AndroidManifest.xml:36:13-37
92            android:theme="@style/Splash" />
92-->src\main\AndroidManifest.xml:37:13-42
93        <activity
93-->src\main\AndroidManifest.xml:38:9-42:20
94            android:name="com.abc.evpnfree.activity.MainActivity"
94-->src\main\AndroidManifest.xml:39:13-66
95            android:label="" >
95-->src\main\AndroidManifest.xml:40:13-29
96        </activity>
97        <activity android:name="com.abc.evpnfree.activity.VPNListActivity" />
97-->src\main\AndroidManifest.xml:43:9-78
97-->src\main\AndroidManifest.xml:43:19-75
98        <activity
98-->src\main\AndroidManifest.xml:44:9-46:46
99            android:name="com.abc.evpnfree.activity.VPNInfoActivity"
99-->src\main\AndroidManifest.xml:45:13-69
100            android:launchMode="singleTop" />
100-->src\main\AndroidManifest.xml:46:13-43
101        <activity
101-->src\main\AndroidManifest.xml:47:9-50:40
102            android:name="com.abc.evpnfree.activity.SettingsActivity"
102-->src\main\AndroidManifest.xml:48:13-70
103            android:label="@string/action_settings"
103-->src\main\AndroidManifest.xml:49:13-52
104            android:noHistory="true" />
104-->src\main\AndroidManifest.xml:50:13-37
105
106        <service
106-->src\main\AndroidManifest.xml:52:9-60:19
107            android:name="de.blinkt.openvpn.core.OpenVPNService"
107-->src\main\AndroidManifest.xml:53:13-65
108            android:exported="true"
108-->src\main\AndroidManifest.xml:55:13-36
109            android:permission="android.permission.BIND_VPN_SERVICE" >
109-->src\main\AndroidManifest.xml:54:13-69
110            <intent-filter>
110-->src\main\AndroidManifest.xml:57:13-59:29
111                <action android:name="android.net.VpnService" />
111-->src\main\AndroidManifest.xml:58:17-65
111-->src\main\AndroidManifest.xml:58:25-62
112            </intent-filter>
113        </service>
114
115        <activity
115-->src\main\AndroidManifest.xml:62:9-64:42
116            android:name="com.abc.evpnfree.activity.SpeedTestActivity"
116-->src\main\AndroidManifest.xml:63:13-71
117            android:label="Speed Test" />
117-->src\main\AndroidManifest.xml:64:13-39
118        <activity
118-->src\main\AndroidManifest.xml:65:9-67:48
119            android:name="com.abc.evpnfree.activity.TOSActivity"
119-->src\main\AndroidManifest.xml:66:13-65
120            android:theme="@style/AppTheme2" />
120-->src\main\AndroidManifest.xml:67:13-45
121        <activity
121-->src\main\AndroidManifest.xml:68:9-71:64
122            android:name="com.google.android.gms.ads.AdActivity"
122-->src\main\AndroidManifest.xml:69:13-65
123            android:configChanges="keyboard|keyboardHidden|orientation|screenLayout|uiMode|screenSize|smallestScreenSize"
123-->src\main\AndroidManifest.xml:70:13-122
124            android:exported="false"
124-->[com.google.android.gms:play-services-ads-lite:21.3.0] AndroidManifest.xml:52:13-37
125            android:theme="@android:style/Theme.Translucent" />
125-->src\main\AndroidManifest.xml:71:13-61
126        <activity
126-->src\main\AndroidManifest.xml:72:9-76:20
127            android:name="com.abc.evpnfree.activity.StepActivity"
127-->src\main\AndroidManifest.xml:73:13-66
128            android:theme="@style/Splash" >
128-->src\main\AndroidManifest.xml:74:13-42
129        </activity>
130        <activity android:name="com.abc.evpnfree.activity.FragmentWrapperActivity" />
130-->src\main\AndroidManifest.xml:78:9-86
130-->src\main\AndroidManifest.xml:78:19-83
131        <activity
131-->src\main\AndroidManifest.xml:79:9-90:20
132            android:name="com.abc.evpnfree.activity.WelcomeActivity"
132-->src\main\AndroidManifest.xml:79:19-75
133            android:exported="true"
133-->src\main\AndroidManifest.xml:81:13-36
134            android:theme="@style/AppThemes" >
134-->src\main\AndroidManifest.xml:80:13-45
135            <intent-filter>
135-->src\main\AndroidManifest.xml:84:13-88:29
136                <action android:name="android.intent.action.MAIN" />
136-->src\main\AndroidManifest.xml:85:17-69
136-->src\main\AndroidManifest.xml:85:25-66
137
138                <category android:name="android.intent.category.LAUNCHER" />
138-->src\main\AndroidManifest.xml:87:17-77
138-->src\main\AndroidManifest.xml:87:27-74
139            </intent-filter>
140        </activity>
141
142        <meta-data
142-->src\main\AndroidManifest.xml:92:9-94:69
143            android:name="com.google.android.gms.version"
143-->src\main\AndroidManifest.xml:93:13-58
144            android:value="@integer/google_play_services_version" />
144-->src\main\AndroidManifest.xml:94:13-66
145        <meta-data
145-->src\main\AndroidManifest.xml:95:9-97:52
146            android:name="com.google.android.gms.ads.APPLICATION_ID"
146-->src\main\AndroidManifest.xml:96:13-69
147            android:value="@string/admob_app_id" />
147-->src\main\AndroidManifest.xml:97:13-49
148
149        <receiver
149-->src\main\AndroidManifest.xml:100:9-102:66
150            android:name="com.abc.evpnfree.service.BoostAlarm"
150-->src\main\AndroidManifest.xml:102:13-63
151            android:exported="true" />
151-->src\main\AndroidManifest.xml:101:13-36
152        <receiver
152-->[com.onesignal:OneSignal:4.8.2] AndroidManifest.xml:50:9-61:20
153            android:name="com.onesignal.FCMBroadcastReceiver"
153-->[com.onesignal:OneSignal:4.8.2] AndroidManifest.xml:51:13-62
154            android:exported="true"
154-->[com.onesignal:OneSignal:4.8.2] AndroidManifest.xml:52:13-36
155            android:permission="com.google.android.c2dm.permission.SEND" >
155-->[com.onesignal:OneSignal:4.8.2] AndroidManifest.xml:53:13-73
156
157            <!-- High priority so OneSignal payloads can be filtered from other FCM receivers -->
158            <intent-filter android:priority="999" >
158-->[com.onesignal:OneSignal:4.8.2] AndroidManifest.xml:56:13-60:29
158-->[com.onesignal:OneSignal:4.8.2] AndroidManifest.xml:56:28-50
159                <action android:name="com.google.android.c2dm.intent.RECEIVE" />
159-->[com.onesignal:OneSignal:4.8.2] AndroidManifest.xml:57:17-81
159-->[com.onesignal:OneSignal:4.8.2] AndroidManifest.xml:57:25-78
160
161                <category android:name="com.abc.evpnfree" />
161-->[com.onesignal:OneSignal:4.8.2] AndroidManifest.xml:59:17-61
161-->[com.onesignal:OneSignal:4.8.2] AndroidManifest.xml:59:27-58
162            </intent-filter>
163        </receiver>
164
165        <service
165-->[com.onesignal:OneSignal:4.8.2] AndroidManifest.xml:63:9-69:19
166            android:name="com.onesignal.HmsMessageServiceOneSignal"
166-->[com.onesignal:OneSignal:4.8.2] AndroidManifest.xml:64:13-68
167            android:exported="false" >
167-->[com.onesignal:OneSignal:4.8.2] AndroidManifest.xml:65:13-37
168            <intent-filter>
168-->[com.onesignal:OneSignal:4.8.2] AndroidManifest.xml:66:13-68:29
169                <action android:name="com.huawei.push.action.MESSAGING_EVENT" />
169-->[com.onesignal:OneSignal:4.8.2] AndroidManifest.xml:67:17-81
169-->[com.onesignal:OneSignal:4.8.2] AndroidManifest.xml:67:25-78
170            </intent-filter>
171        </service>
172
173        <activity
173-->[com.onesignal:OneSignal:4.8.2] AndroidManifest.xml:71:9-79:20
174            android:name="com.onesignal.NotificationOpenedActivityHMS"
174-->[com.onesignal:OneSignal:4.8.2] AndroidManifest.xml:72:13-71
175            android:exported="true"
175-->[com.onesignal:OneSignal:4.8.2] AndroidManifest.xml:73:13-36
176            android:noHistory="true"
176-->[com.onesignal:OneSignal:4.8.2] AndroidManifest.xml:74:13-37
177            android:theme="@android:style/Theme.Translucent.NoTitleBar" >
177-->[com.onesignal:OneSignal:4.8.2] AndroidManifest.xml:75:13-72
178            <intent-filter>
178-->[com.onesignal:OneSignal:4.8.2] AndroidManifest.xml:76:13-78:29
179                <action android:name="android.intent.action.VIEW" />
179-->[com.onesignal:OneSignal:4.8.2] AndroidManifest.xml:77:17-69
179-->[com.onesignal:OneSignal:4.8.2] AndroidManifest.xml:77:25-66
180            </intent-filter>
181        </activity>
182
183        <service
183-->[com.onesignal:OneSignal:4.8.2] AndroidManifest.xml:81:9-83:40
184            android:name="com.onesignal.FCMIntentService"
184-->[com.onesignal:OneSignal:4.8.2] AndroidManifest.xml:82:13-58
185            android:exported="false" />
185-->[com.onesignal:OneSignal:4.8.2] AndroidManifest.xml:83:13-37
186        <service
186-->[com.onesignal:OneSignal:4.8.2] AndroidManifest.xml:84:9-87:72
187            android:name="com.onesignal.FCMIntentJobService"
187-->[com.onesignal:OneSignal:4.8.2] AndroidManifest.xml:85:13-61
188            android:exported="false"
188-->[com.onesignal:OneSignal:4.8.2] AndroidManifest.xml:86:13-37
189            android:permission="android.permission.BIND_JOB_SERVICE" />
189-->[com.onesignal:OneSignal:4.8.2] AndroidManifest.xml:87:13-69
190        <service
190-->[com.onesignal:OneSignal:4.8.2] AndroidManifest.xml:88:9-91:43
191            android:name="com.onesignal.SyncService"
191-->[com.onesignal:OneSignal:4.8.2] AndroidManifest.xml:89:13-53
192            android:exported="false"
192-->[com.onesignal:OneSignal:4.8.2] AndroidManifest.xml:90:13-37
193            android:stopWithTask="true" />
193-->[com.onesignal:OneSignal:4.8.2] AndroidManifest.xml:91:13-40
194        <service
194-->[com.onesignal:OneSignal:4.8.2] AndroidManifest.xml:92:9-95:72
195            android:name="com.onesignal.SyncJobService"
195-->[com.onesignal:OneSignal:4.8.2] AndroidManifest.xml:93:13-56
196            android:exported="false"
196-->[com.onesignal:OneSignal:4.8.2] AndroidManifest.xml:94:13-37
197            android:permission="android.permission.BIND_JOB_SERVICE" />
197-->[com.onesignal:OneSignal:4.8.2] AndroidManifest.xml:95:13-69
198
199        <activity
199-->[com.onesignal:OneSignal:4.8.2] AndroidManifest.xml:97:9-100:75
200            android:name="com.onesignal.PermissionsActivity"
200-->[com.onesignal:OneSignal:4.8.2] AndroidManifest.xml:98:13-61
201            android:exported="false"
201-->[com.onesignal:OneSignal:4.8.2] AndroidManifest.xml:99:13-37
202            android:theme="@android:style/Theme.Translucent.NoTitleBar" />
202-->[com.onesignal:OneSignal:4.8.2] AndroidManifest.xml:100:13-72
203
204        <receiver
204-->[com.onesignal:OneSignal:4.8.2] AndroidManifest.xml:102:9-104:39
205            android:name="com.onesignal.NotificationDismissReceiver"
205-->[com.onesignal:OneSignal:4.8.2] AndroidManifest.xml:103:13-69
206            android:exported="true" />
206-->[com.onesignal:OneSignal:4.8.2] AndroidManifest.xml:104:13-36
207        <receiver
207-->[com.onesignal:OneSignal:4.8.2] AndroidManifest.xml:105:9-112:20
208            android:name="com.onesignal.BootUpReceiver"
208-->[com.onesignal:OneSignal:4.8.2] AndroidManifest.xml:106:13-56
209            android:exported="true" >
209-->[com.onesignal:OneSignal:4.8.2] AndroidManifest.xml:107:13-36
210            <intent-filter>
210-->[com.onesignal:OneSignal:4.8.2] AndroidManifest.xml:108:13-111:29
211                <action android:name="android.intent.action.BOOT_COMPLETED" />
211-->[com.onesignal:OneSignal:4.8.2] AndroidManifest.xml:109:17-79
211-->[com.onesignal:OneSignal:4.8.2] AndroidManifest.xml:109:25-76
212                <action android:name="android.intent.action.QUICKBOOT_POWERON" />
212-->[com.onesignal:OneSignal:4.8.2] AndroidManifest.xml:110:17-82
212-->[com.onesignal:OneSignal:4.8.2] AndroidManifest.xml:110:25-79
213            </intent-filter>
214        </receiver>
215        <receiver
215-->[com.onesignal:OneSignal:4.8.2] AndroidManifest.xml:113:9-119:20
216            android:name="com.onesignal.UpgradeReceiver"
216-->[com.onesignal:OneSignal:4.8.2] AndroidManifest.xml:114:13-57
217            android:exported="true" >
217-->[com.onesignal:OneSignal:4.8.2] AndroidManifest.xml:115:13-36
218            <intent-filter>
218-->[com.onesignal:OneSignal:4.8.2] AndroidManifest.xml:116:13-118:29
219                <action android:name="android.intent.action.MY_PACKAGE_REPLACED" />
219-->[com.onesignal:OneSignal:4.8.2] AndroidManifest.xml:117:17-84
219-->[com.onesignal:OneSignal:4.8.2] AndroidManifest.xml:117:25-81
220            </intent-filter>
221        </receiver>
222
223        <activity
223-->[com.onesignal:OneSignal:4.8.2] AndroidManifest.xml:121:9-127:75
224            android:name="com.onesignal.NotificationOpenedReceiver"
224-->[com.onesignal:OneSignal:4.8.2] AndroidManifest.xml:122:13-68
225            android:excludeFromRecents="true"
225-->[com.onesignal:OneSignal:4.8.2] AndroidManifest.xml:123:13-46
226            android:exported="true"
226-->[com.onesignal:OneSignal:4.8.2] AndroidManifest.xml:124:13-36
227            android:noHistory="true"
227-->[com.onesignal:OneSignal:4.8.2] AndroidManifest.xml:125:13-37
228            android:taskAffinity=""
228-->[com.onesignal:OneSignal:4.8.2] AndroidManifest.xml:126:13-36
229            android:theme="@android:style/Theme.Translucent.NoTitleBar" />
229-->[com.onesignal:OneSignal:4.8.2] AndroidManifest.xml:127:13-72
230        <activity
230-->[com.onesignal:OneSignal:4.8.2] AndroidManifest.xml:128:9-133:75
231            android:name="com.onesignal.NotificationOpenedReceiverAndroid22AndOlder"
231-->[com.onesignal:OneSignal:4.8.2] AndroidManifest.xml:129:13-85
232            android:excludeFromRecents="true"
232-->[com.onesignal:OneSignal:4.8.2] AndroidManifest.xml:130:13-46
233            android:exported="true"
233-->[com.onesignal:OneSignal:4.8.2] AndroidManifest.xml:131:13-36
234            android:noHistory="true"
234-->[com.onesignal:OneSignal:4.8.2] AndroidManifest.xml:132:13-37
235            android:theme="@android:style/Theme.Translucent.NoTitleBar" />
235-->[com.onesignal:OneSignal:4.8.2] AndroidManifest.xml:133:13-72
236
237        <provider
237-->[net.grandcentrix.tray:tray:0.12.0] AndroidManifest.xml:12:9-16:44
238            android:name="net.grandcentrix.tray.provider.TrayContentProvider"
238-->[net.grandcentrix.tray:tray:0.12.0] AndroidManifest.xml:13:13-78
239            android:authorities="com.abc.evpnfree.tray"
239-->[net.grandcentrix.tray:tray:0.12.0] AndroidManifest.xml:14:13-56
240            android:exported="false"
240-->[net.grandcentrix.tray:tray:0.12.0] AndroidManifest.xml:15:13-37
241            android:multiprocess="false" />
241-->[net.grandcentrix.tray:tray:0.12.0] AndroidManifest.xml:16:13-41
242        <provider
242-->[com.google.android.gms:play-services-ads-lite:21.3.0] AndroidManifest.xml:55:9-59:39
243            android:name="com.google.android.gms.ads.MobileAdsInitProvider"
243-->[com.google.android.gms:play-services-ads-lite:21.3.0] AndroidManifest.xml:56:13-76
244            android:authorities="com.abc.evpnfree.mobileadsinitprovider"
244-->[com.google.android.gms:play-services-ads-lite:21.3.0] AndroidManifest.xml:57:13-73
245            android:exported="false"
245-->[com.google.android.gms:play-services-ads-lite:21.3.0] AndroidManifest.xml:58:13-37
246            android:initOrder="100" />
246-->[com.google.android.gms:play-services-ads-lite:21.3.0] AndroidManifest.xml:59:13-36
247
248        <service
248-->[com.google.android.gms:play-services-ads-lite:21.3.0] AndroidManifest.xml:61:9-64:40
249            android:name="com.google.android.gms.ads.AdService"
249-->[com.google.android.gms:play-services-ads-lite:21.3.0] AndroidManifest.xml:62:13-64
250            android:enabled="true"
250-->[com.google.android.gms:play-services-ads-lite:21.3.0] AndroidManifest.xml:63:13-35
251            android:exported="false" />
251-->[com.google.android.gms:play-services-ads-lite:21.3.0] AndroidManifest.xml:64:13-37
252
253        <activity
253-->[com.google.android.gms:play-services-base:18.0.0] AndroidManifest.xml:20:9-22:45
254            android:name="com.google.android.gms.common.api.GoogleApiActivity"
254-->[com.google.android.gms:play-services-base:18.0.0] AndroidManifest.xml:20:19-85
255            android:exported="false"
255-->[com.google.android.gms:play-services-base:18.0.0] AndroidManifest.xml:22:19-43
256            android:theme="@android:style/Theme.Translucent.NoTitleBar" />
256-->[com.google.android.gms:play-services-base:18.0.0] AndroidManifest.xml:21:19-78
257
258        <provider
258-->[androidx.emoji2:emoji2:1.0.0] AndroidManifest.xml:26:9-34:20
259            android:name="androidx.startup.InitializationProvider"
259-->[androidx.emoji2:emoji2:1.0.0] AndroidManifest.xml:27:13-67
260            android:authorities="com.abc.evpnfree.androidx-startup"
260-->[androidx.emoji2:emoji2:1.0.0] AndroidManifest.xml:28:13-68
261            android:exported="false" >
261-->[androidx.emoji2:emoji2:1.0.0] AndroidManifest.xml:29:13-37
262            <meta-data
262-->[androidx.emoji2:emoji2:1.0.0] AndroidManifest.xml:31:13-33:52
263                android:name="androidx.emoji2.text.EmojiCompatInitializer"
263-->[androidx.emoji2:emoji2:1.0.0] AndroidManifest.xml:32:17-75
264                android:value="androidx.startup" />
264-->[androidx.emoji2:emoji2:1.0.0] AndroidManifest.xml:33:17-49
265            <meta-data
265-->[androidx.work:work-runtime:2.7.0] AndroidManifest.xml:36:13-38:52
266                android:name="androidx.work.WorkManagerInitializer"
266-->[androidx.work:work-runtime:2.7.0] AndroidManifest.xml:37:17-68
267                android:value="androidx.startup" />
267-->[androidx.work:work-runtime:2.7.0] AndroidManifest.xml:38:17-49
268            <meta-data
268-->[androidx.lifecycle:lifecycle-process:2.4.0] AndroidManifest.xml:31:13-33:52
269                android:name="androidx.lifecycle.ProcessLifecycleInitializer"
269-->[androidx.lifecycle:lifecycle-process:2.4.0] AndroidManifest.xml:32:17-78
270                android:value="androidx.startup" />
270-->[androidx.lifecycle:lifecycle-process:2.4.0] AndroidManifest.xml:33:17-49
271        </provider>
272        <!--
273             FirebaseMessagingService performs security checks at runtime,
274             but set to not exported to explicitly avoid allowing another app to call it.
275        -->
276        <service
276-->[com.google.firebase:firebase-messaging:19.0.0] AndroidManifest.xml:28:9-34:19
277            android:name="com.google.firebase.messaging.FirebaseMessagingService"
277-->[com.google.firebase:firebase-messaging:19.0.0] AndroidManifest.xml:29:13-82
278            android:exported="false" >
278-->[com.google.firebase:firebase-messaging:19.0.0] AndroidManifest.xml:30:13-37
279            <intent-filter android:priority="-500" >
279-->[com.google.firebase:firebase-messaging:19.0.0] AndroidManifest.xml:31:13-33:29
279-->[com.google.firebase:firebase-messaging:19.0.0] AndroidManifest.xml:31:28-51
280                <action android:name="com.google.firebase.MESSAGING_EVENT" />
280-->[com.google.firebase:firebase-messaging:19.0.0] AndroidManifest.xml:32:17-78
280-->[com.google.firebase:firebase-messaging:19.0.0] AndroidManifest.xml:32:25-75
281            </intent-filter>
282        </service>
283        <service
283-->[com.google.firebase:firebase-iid:19.0.0] AndroidManifest.xml:29:9-35:19
284            android:name="com.google.firebase.components.ComponentDiscoveryService"